<?xml version="1.0" encoding="UTF-8"?>
<!-- Generated by org.testng.reporters.JUnitReportReporter -->
<testsuite hostname="DESKTOP-14D7M6C" failures="0" tests="1" name="kiteAppUsingPOMandTestNG.kiteAppUsingPOMandTestNGintestng" time="4.045" errors="0" timestamp="2022-04-05T16:59:06 IST" skipped="0">
  <testcase classname="kiteAppUsingPOMandTestNG.kiteAppUsingPOMandTestNGintestng" name="validateuserId1" time="4.045"/>
  <system-out>
    <![CDATA[CA0117
CA0117]]>
  </system-out>
</testsuite> <!-- kiteAppUsingPOMandTestNG.kiteAppUsingPOMandTestNGintestng -->
