<?xml version="1.0" encoding="UTF-8"?>
<!-- Generated by org.testng.reporters.JUnitReportReporter -->
<testsuite hostname="DESKTOP-14D7M6C" failures="0" tests="4" name="Testng.MyClass" time="71.893" errors="0" timestamp="2022-03-21T11:31:52 IST" skipped="0">
  <testcase classname="Testng.MyClass" name="method1" time="16.719"/>
  <system-out/>
  <testcase classname="Testng.MyClass" name="method3" time="15.717"/>
  <system-out/>
  <testcase classname="Testng.MyClass" name="method4" time="20.139"/>
  <system-out/>
  <testcase classname="Testng.MyClass" name="method2" time="19.318"/>
  <system-out/>
</testsuite> <!-- Testng.MyClass -->
