<?xml version="1.0" encoding="UTF-8"?>
<!-- Generated by org.testng.reporters.JUnitReportReporter -->
<testsuite hostname="DESKTOP-14D7M6C" failures="0" tests="1" name="Selenium_tool.firefoxtry" time="26.969" errors="0" timestamp="2022-03-25T17:06:30 IST" skipped="0">
  <testcase classname="Selenium_tool.firefoxtry" name="f" time="26.969"/>
  <system-out/>
</testsuite> <!-- Selenium_tool.firefoxtry -->
