<?xml version="1.0" encoding="UTF-8"?>
<!-- Generated by org.testng.reporters.JUnitReportReporter -->
<testsuite hostname="DESKTOP-14D7M6C" failures="0" tests="1" name="Assert_Study.Assert_truestudy" time="0.022" errors="0" timestamp="2022-03-25T14:13:42 IST" skipped="0">
  <testcase classname="Assert_Study.Assert_truestudy" name="testing" time="0.022"/>
  <system-out/>
</testsuite> <!-- Assert_Study.Assert_truestudy -->
