<?xml version="1.0" encoding="UTF-8"?>
<!-- Generated by org.testng.reporters.JUnitReportReporter -->
<testsuite hostname="DESKTOP-14D7M6C" failures="0" tests="1" name="failed_Testng.FailedTestng" time="2.034" errors="0" timestamp="2022-03-24T14:31:53 IST" skipped="0">
  <testcase classname="failed_Testng.FailedTestng" name="TC2" time="2.034"/>
  <system-out>
    <![CDATA[Running TC2]]>
  </system-out>
</testsuite> <!-- failed_Testng.FailedTestng -->
