<?xml version="1.0" encoding="UTF-8"?>
<!-- Generated by org.testng.reporters.JUnitReportReporter -->
<testsuite hostname="DESKTOP-14D7M6C" failures="0" tests="3" name="GroupinTestng.Group2" time="0.009" errors="0" timestamp="2022-03-24T14:35:26 IST" skipped="0">
  <testcase classname="GroupinTestng.Group2" name="TC9" time="0.004"/>
  <system-out>
    <![CDATA[Running TC9]]>
  </system-out>
  <testcase classname="GroupinTestng.Group2" name="TC7" time="0.002"/>
  <system-out>
    <![CDATA[Running TC7]]>
  </system-out>
  <testcase classname="GroupinTestng.Group2" name="TC8" time="0.003"/>
  <system-out>
    <![CDATA[Running TC8]]>
  </system-out>
</testsuite> <!-- GroupinTestng.Group2 -->
