<?xml version="1.0" encoding="UTF-8"?>
<!-- Generated by org.testng.reporters.JUnitReportReporter -->
<testsuite hostname="DESKTOP-14D7M6C" failures="0" tests="2" name="Crossbrowser_Study.CT1" time="48.647" errors="0" timestamp="2022-03-25T17:07:55 IST" skipped="0">
  <testcase classname="Crossbrowser_Study.CT1" name="CrossBrowser" time="23.880"/>
  <system-out/>
  <testcase classname="Crossbrowser_Study.CT1" name="CrossBrowser" time="24.767"/>
  <system-out/>
</testsuite> <!-- Crossbrowser_Study.CT1 -->
