<?xml version="1.0" encoding="UTF-8"?>
<!-- Generated by org.testng.reporters.JUnitReportReporter -->
<testsuite hostname="DESKTOP-14D7M6C" failures="0" tests="2" name="Testng.Kitesample" time="0.008" errors="0" timestamp="2022-03-21T08:47:45 IST" skipped="1">
  <testcase classname="Testng.Kitesample" name="validateUserID1" time="0.008"/>
  <system-out/>
  <testcase classname="Testng.Kitesample" name="validateUserID">
    <skipped/>
  </testcase> <!-- validateUserID -->
  <system-out/>
</testsuite> <!-- Testng.Kitesample -->
