<?xml version="1.0" encoding="UTF-8"?>
<!-- Generated by org.testng.reporters.JUnitReportReporter -->
<testsuite hostname="DESKTOP-14D7M6C" failures="0" tests="2" name="GroupinTestng.Group1" time="0.029" errors="0" timestamp="2022-03-24T14:35:26 IST" skipped="0">
  <testcase classname="GroupinTestng.Group1" name="TC2" time="0.010"/>
  <system-out>
    <![CDATA[Running TC2]]>
  </system-out>
  <testcase classname="GroupinTestng.Group1" name="TC1" time="0.019"/>
  <system-out>
    <![CDATA[Running TC1]]>
  </system-out>
</testsuite> <!-- GroupinTestng.Group1 -->
