<?xml version="1.0" encoding="UTF-8"?>
<!-- Generated by org.testng.reporters.JUnitReportReporter -->
<testsuite hostname="DESKTOP-14D7M6C" failures="0" tests="1" name="Serial_Parallel_Execution.Serial_Parallel2" time="33.289" errors="0" timestamp="2022-03-25T14:03:06 IST" skipped="0">
  <testcase classname="Serial_Parallel_Execution.Serial_Parallel2" name="method1" time="33.289"/>
  <system-out/>
</testsuite> <!-- Serial_Parallel_Execution.Serial_Parallel2 -->
